<?xml version="1.0" encoding="UTF-8"?>
<!-- Generated by org.testng.reporters.JUnitReportReporter -->
<testsuite hostname="paytras" failures="0" tests="2" name="tests.UiTests" time="10.628" errors="1" timestamp="2022-10-01T12:37:03 MSK" skipped="1">
  <testcase classname="tests.UiTests" name="basicTest" time="0.000">
    <skipped/>
  </testcase> <!-- basicTest -->
  <system-out/>
  <testcase classname="tests.UiTests" name="setupAppium" time="10.628">
    <error message="Could not start a new session. Response code 500. Message: An unknown server-side error occurred while processing the command. Original error: Bad app: /Users/Pyatras/Library/Developer/Xcode/DerivedData/AppiumUITestsExampleApp-ctzpwtembojftqdlmhpsholpwycs/Build/Products/Debug-iphonesimulator/AppiumUITestsExampleApp.app. App paths need to be absolute or an URL to a compressed app file: The application at &#039;/Users/Pyatras/Library/Developer/Xcode/DerivedData/AppiumUITestsExampleApp-ctzpwtembojftqdlmhpsholpwycs/Build/Products/Debug-iphonesimulator/AppiumUITestsExampleApp.app&#039; does not exist or is not accessible 
Host info: host: &#039;paytras&#039;, ip: &#039;192.168.177.79&#039;
Build info: version: &#039;4.5.0&#039;, revision: &#039;fe167b119a&#039;
System info: os.name: &#039;Mac OS X&#039;, os.arch: &#039;x86_64&#039;, os.version: &#039;11.5.2&#039;, java.version: &#039;17.0.4.1&#039;
Driver info: io.appium.java_client.ios.IOSDriver
Command: [null, newSession {capabilities=[{appium:app=/Users/Pyatras/Library/Developer/Xcode/DerivedData/AppiumUITestsExampleApp-ctzpwtembojftqdlmhpsholpwycs/Build/Products/Debug-iphonesimulator/AppiumUITestsExampleApp.app, appium:automationName=XCUITest, appium:deviceName=iPhone Simulator, appium:noReset=true, platformName=IOS, appium:platformVersion=14.5, appium:useNewWDA=false}], desiredCapabilities=Capabilities {app: /Users/Pyatras/Library/Deve..., automationName: XCUITest, deviceName: iPhone Simulator, noReset: true, platformName: IOS, platformVersion: 14.5, useNewWDA: false}}]
Capabilities {}" type="org.openqa.selenium.SessionNotCreatedException">
      <![CDATA[org.openqa.selenium.SessionNotCreatedException: Could not start a new session. Response code 500. Message: An unknown server-side error occurred while processing the command. Original error: Bad app: /Users/Pyatras/Library/Developer/Xcode/DerivedData/AppiumUITestsExampleApp-ctzpwtembojftqdlmhpsholpwycs/Build/Products/Debug-iphonesimulator/AppiumUITestsExampleApp.app. App paths need to be absolute or an URL to a compressed app file: The application at '/Users/Pyatras/Library/Developer/Xcode/DerivedData/AppiumUITestsExampleApp-ctzpwtembojftqdlmhpsholpwycs/Build/Products/Debug-iphonesimulator/AppiumUITestsExampleApp.app' does not exist or is not accessible 
Host info: host: 'paytras', ip: '192.168.177.79'
Build info: version: '4.5.0', revision: 'fe167b119a'
System info: os.name: 'Mac OS X', os.arch: 'x86_64', os.version: '11.5.2', java.version: '17.0.4.1'
Driver info: io.appium.java_client.ios.IOSDriver
Command: [null, newSession {capabilities=[{appium:app=/Users/Pyatras/Library/Developer/Xcode/DerivedData/AppiumUITestsExampleApp-ctzpwtembojftqdlmhpsholpwycs/Build/Products/Debug-iphonesimulator/AppiumUITestsExampleApp.app, appium:automationName=XCUITest, appium:deviceName=iPhone Simulator, appium:noReset=true, platformName=IOS, appium:platformVersion=14.5, appium:useNewWDA=false}], desiredCapabilities=Capabilities {app: /Users/Pyatras/Library/Deve..., automationName: XCUITest, deviceName: iPhone Simulator, noReset: true, platformName: IOS, platformVersion: 14.5, useNewWDA: false}}]
Capabilities {}
at org.openqa.selenium.remote.ProtocolHandshake.createSession(ProtocolHandshake.java:144)
at java.base/jdk.internal.reflect.NativeMethodAccessorImpl.invoke0(Native Method)
at java.base/jdk.internal.reflect.NativeMethodAccessorImpl.invoke(NativeMethodAccessorImpl.java:77)
at java.base/jdk.internal.reflect.DelegatingMethodAccessorImpl.invoke(DelegatingMethodAccessorImpl.java:43)
at java.base/java.lang.reflect.Method.invoke(Method.java:568)
at io.appium.java_client.remote.AppiumProtocolHandshake.createSession(AppiumProtocolHandshake.java:126)
at io.appium.java_client.remote.AppiumProtocolHandshake.createSession(AppiumProtocolHandshake.java:102)
at io.appium.java_client.remote.AppiumCommandExecutor.createSession(AppiumCommandExecutor.java:155)
at io.appium.java_client.remote.AppiumCommandExecutor.execute(AppiumCommandExecutor.java:189)
at org.openqa.selenium.remote.RemoteWebDriver.execute(RemoteWebDriver.java:547)
at io.appium.java_client.AppiumDriver.startSession(AppiumDriver.java:229)
at org.openqa.selenium.remote.RemoteWebDriver.<init>(RemoteWebDriver.java:157)
at io.appium.java_client.AppiumDriver.<init>(AppiumDriver.java:80)
at io.appium.java_client.AppiumDriver.<init>(AppiumDriver.java:92)
at io.appium.java_client.ios.IOSDriver.<init>(IOSDriver.java:106)
at tests.UiTests.setupAppium(UiTests.java:36)
at java.base/jdk.internal.reflect.NativeMethodAccessorImpl.invoke0(Native Method)
at java.base/jdk.internal.reflect.NativeMethodAccessorImpl.invoke(NativeMethodAccessorImpl.java:77)
at java.base/jdk.internal.reflect.DelegatingMethodAccessorImpl.invoke(DelegatingMethodAccessorImpl.java:43)
at java.base/java.lang.reflect.Method.invoke(Method.java:568)
at org.testng.internal.invokers.MethodInvocationHelper.invokeMethod(MethodInvocationHelper.java:139)
at org.testng.internal.invokers.MethodInvocationHelper.invokeMethodConsideringTimeout(MethodInvocationHelper.java:69)
at org.testng.internal.invokers.ConfigInvoker.invokeConfigurationMethod(ConfigInvoker.java:361)
at org.testng.internal.invokers.ConfigInvoker.invokeConfigurations(ConfigInvoker.java:296)
at org.testng.SuiteRunner.privateRun(SuiteRunner.java:372)
at org.testng.SuiteRunner.run(SuiteRunner.java:330)
at org.testng.SuiteRunnerWorker.runSuite(SuiteRunnerWorker.java:52)
at org.testng.SuiteRunnerWorker.run(SuiteRunnerWorker.java:95)
at org.testng.TestNG.runSuitesSequentially(TestNG.java:1256)
at org.testng.TestNG.runSuitesLocally(TestNG.java:1176)
at org.testng.TestNG.runSuites(TestNG.java:1099)
at org.testng.TestNG.run(TestNG.java:1067)
at org.testng.remote.AbstractRemoteTestNG.run(AbstractRemoteTestNG.java:115)
at org.testng.remote.RemoteTestNG.initAndRun(RemoteTestNG.java:251)
at org.testng.remote.RemoteTestNG.main(RemoteTestNG.java:77)
]]>
    </error>
  </testcase> <!-- setupAppium -->
  <system-out/>
</testsuite> <!-- tests.UiTests -->
